[2018-05-25 20:54:17,253] [DEBUG] [src/Wordqueryserver.cpp:onMessage:43] 搜索:哈

[2018-05-25 20:54:31,452] [DEBUG] [src/Wordqueryserver.cpp:onMessage:43] 搜索:程序员

[2018-05-25 20:55:42,970] [DEBUG] [src/Wordqueryserver.cpp:onMessage:43] 搜索:程序员

[2018-05-25 20:55:55,045] [DEBUG] [src/Wordqueryserver.cpp:onMessage:43] 搜索:兰

[2018-05-25 20:55:56,475] [DEBUG] [src/Wordqueryserver.cpp:onMessage:43] 搜索:兰

[2018-05-25 20:55:56,944] [DEBUG] [src/Wordqueryserver.cpp:onMessage:43] 搜索:兰

[2018-05-25 20:55:57,083] [DEBUG] [src/Wordqueryserver.cpp:onMessage:43] 搜索:兰

[2018-05-25 20:55:57,248] [DEBUG] [src/Wordqueryserver.cpp:onMessage:43] 搜索:兰

[2018-05-25 20:58:55,005] [DEBUG] [src/Wordqueryserver.cpp:onMessage:43] 搜索:程序员

[2018-05-25 21:14:25,564] [DEBUG] [src/Wordqueryserver.cpp:onMessage:43] 搜索:程序员

[2018-05-25 21:26:36,233] [DEBUG] [src/Wordqueryserver.cpp:onMessage:43] 搜索:程序员

[2018-05-25 21:26:57,447] [DEBUG] [src/Wordqueryserver.cpp:onMessage:43] 搜索:你们好

[2018-05-25 22:39:54,478] [DEBUG] [src/Wordqueryserver.cpp:onMessage:43] 搜索:程序员

[2018-05-25 22:45:47,781] [DEBUG] [src/Wordqueryserver.cpp:onMessage:43] 搜索:程序员

[2018-05-25 22:45:56,156] [DEBUG] [src/Wordqueryserver.cpp:onMessage:43] 搜索:程序员

[2018-05-25 22:45:56,676] [DEBUG] [src/Wordqueryserver.cpp:onMessage:43] 搜索:程序员

[2018-05-25 22:45:56,852] [DEBUG] [src/Wordqueryserver.cpp:onMessage:43] 搜索:程序员

[2018-05-25 22:45:56,998] [DEBUG] [src/Wordqueryserver.cpp:onMessage:43] 搜索:程序员

[2018-05-25 22:45:57,200] [DEBUG] [src/Wordqueryserver.cpp:onMessage:43] 搜索:程序员

[2018-05-25 22:52:09,747] [DEBUG] [src/Wordqueryserver.cpp:onMessage:43] 搜索:程序员

[2018-05-25 22:53:54,775] [DEBUG] [src/Wordqueryserver.cpp:onMessage:43] 搜索:程序员

[2018-05-25 22:54:01,794] [DEBUG] [src/Wordqueryserver.cpp:onMessage:43] 搜索:程序员

[2018-05-25 22:54:15,731] [DEBUG] [src/Wordqueryserver.cpp:onMessage:43] 搜索:程序员

[2018-05-25 23:01:44,497] [DEBUG] [src/Wordqueryserver.cpp:onMessage:43] 搜索:程序员

[2018-05-25 23:10:54,880] [DEBUG] [src/Wordqueryserver.cpp:onMessage:43] 搜索:程序员

[2018-05-25 23:18:20,645] [DEBUG] [src/Wordqueryserver.cpp:onMessage:43] 搜索:hello
[2018-05-25 23:19:37,735] [DEBUG] [src/Wordqueryserver.cpp:onMessage:43] 搜索:hello
[2018-05-25 23:20:46,543] [DEBUG] [src/Wordqueryserver.cpp:onMessage:43] 搜索:程序员
[2018-05-25 23:23:11,121] [DEBUG] [src/Wordqueryserver.cpp:onMessage:43] 搜索:程序员
[2018-05-25 23:27:18,845] [DEBUG] [src/Wordqueryserver.cpp:onMessage:43] 搜索:程序员
[2018-05-25 23:41:42,880] [DEBUG] [src/Wordqueryserver.cpp:onMessage:43] 搜索:程序员

[2018-05-25 23:53:42,325] [DEBUG] [src/Wordqueryserver.cpp:onMessage:43] 搜索:程序员

[2018-05-26 00:16:03,700] [DEBUG] [src/Wordqueryserver.cpp:onMessage:43] 搜索:程序员

[2018-05-26 00:21:48,604] [DEBUG] [src/Wordqueryserver.cpp:onMessage:43] 搜索:程序员

[2018-05-26 00:48:34,969] [DEBUG] [src/Wordqueryserver.cpp:onMessage:43] 搜索:程序员

[2018-05-26 00:50:00,533] [DEBUG] [src/Wordqueryserver.cpp:onMessage:43] 搜索:程序员

[2018-05-26 00:52:08,408] [DEBUG] [src/Wordqueryserver.cpp:onMessage:43] 搜索:程序员

[2018-05-26 00:54:09,020] [DEBUG] [src/Wordqueryserver.cpp:onMessage:43] 搜索:程序员

[2018-05-26 00:55:39,174] [DEBUG] [src/Wordqueryserver.cpp:onMessage:43] 搜索:程序员

[2018-05-26 00:56:55,203] [DEBUG] [src/Wordqueryserver.cpp:onMessage:43] 搜索:程序员

[2018-05-26 01:00:39,422] [DEBUG] [src/Wordqueryserver.cpp:onMessage:43] 搜索:程序员

[2018-05-26 01:02:46,086] [DEBUG] [src/Wordqueryserver.cpp:onMessage:43] 搜索:程序员
[2018-05-26 01:03:43,180] [DEBUG] [src/Wordqueryserver.cpp:onMessage:43] 搜索:程序员
[2018-05-26 01:06:59,402] [DEBUG] [src/Wordqueryserver.cpp:onMessage:43] 搜索:程序员

[2018-05-26 01:09:34,739] [DEBUG] [src/Wordqueryserver.cpp:onMessage:43] 搜索:程序员

[2018-05-26 01:12:00,727] [DEBUG] [src/Wordqueryserver.cpp:onMessage:43] 搜索:程序员

[2018-05-26 01:14:46,475] [DEBUG] [src/Wordqueryserver.cpp:onMessage:43] 搜索:程序员

